<?xml version="1.0" encoding="UTF-8"?>
<testsuite name="com.segnities007.stylishui.foundation.ConnectedGeometryTest" tests="6" skipped="0" failures="0" errors="0" timestamp="2026-07-23T22:49:01.442Z" hostname="archlinux" time="0.026">
  <properties/>
  <testcase name="standalone item exposes every corner" classname="com.segnities007.stylishui.foundation.ConnectedGeometryTest" time="0.006"/>
  <testcase name="five items in three columns expose corners adjacent to empty cells" classname="com.segnities007.stylishui.foundation.ConnectedGeometryTest" time="0.001"/>
  <testcase name="row and column geometry expose only their outer corners" classname="com.segnities007.stylishui.foundation.ConnectedGeometryTest" time="0.002"/>
  <testcase name="invalid geometry is rejected at the public boundary" classname="com.segnities007.stylishui.foundation.ConnectedGeometryTest" time="0.003"/>
  <testcase name="incomplete row exposes corners facing empty cells" classname="com.segnities007.stylishui.foundation.ConnectedGeometryTest" time="0.0"/>
  <testcase name="full grid exposes only its four outside corners" classname="com.segnities007.stylishui.foundation.ConnectedGeometryTest" time="0.0"/>
  <system-out><![CDATA[]]></system-out>
  <system-err><![CDATA[]]></system-err>
</testsuite>
