<?xml version="1.0" encoding="UTF-8"?>
<testsuite name="com.segnities007.stylishui.foundation.InteractionStateTest" tests="4" skipped="0" failures="0" errors="0" timestamp="2026-07-23T22:49:01.473Z" hostname="archlinux" time="0.003">
  <properties/>
  <testcase name="component without an action is not actionable" classname="com.segnities007.stylishui.foundation.InteractionStateTest" time="0.001"/>
  <testcase name="enabled component with click action is actionable" classname="com.segnities007.stylishui.foundation.InteractionStateTest" time="0.0"/>
  <testcase name="enabled component with only long click action is actionable" classname="com.segnities007.stylishui.foundation.InteractionStateTest" time="0.0"/>
  <testcase name="disabled component is never actionable" classname="com.segnities007.stylishui.foundation.InteractionStateTest" time="0.0"/>
  <system-out><![CDATA[]]></system-out>
  <system-err><![CDATA[]]></system-err>
</testsuite>
